001kevinlarmee.jpg
002kevinlarmee.jpg
003kevinlarmee.jpg
004kevinlarmee.jpg
005kevinlarmee.jpg
006kevinlarmee.jpg
007kevinlarmee.jpg
008kevinlarmee.jpg
009kevinlarmee.jpg
010kevinlarmee.jpg
011kevinlarmee.jpg
012kevinlarmee.jpg
013kevinlarmee.jpg
014kevinlarmee.jpg
015kevinlarmee.jpg
016kevinlarmee.jpg
017kevinlarmee.jpg
018kevinlarmee.jpg
019kevinlarmee.jpg
020kevinlarmee.jpg
021kevinlarmee.jpg
022kevinlarmee.jpg
023kevinlarmee.jpg
024kevinlarmee.jpg
025kevinlarmee.jpg
026kevinlarmee.jpg
027kevinlarmee.jpg
028kevinlarmee.jpg
029kevinlarmee.jpg
030kevinlarmee.jpg
031kevinlarmee.jpg
032kevinlarmee.jpg
033kevinlarmee.jpg
034kevinlarmee.jpg
035kevinlarmee.jpg
036kevinlarmee.jpg
037kevinlarmee.jpg
038kevinlarmee.jpg
039kevinlarmee.jpg
040kevinlarmee.jpg
041kevinlarmee.jpg
042kevinlarmee.jpg
043kevinlarmee.jpg
044kevinlarmee.jpg
045kevinlarmee.jpg
046kevinlarmee.jpg
047kevinlarmee.jpg
048kevinlarmee.jpg
049kevinlarmee.jpg
050kevinlarmee.jpg
051kevinlarmee.jpg
052kevinlarmee.jpg
053kevinlarmee.jpg
054kevinlarmee.jpg
055kevinlarmee.jpg
056kevinlarmee.jpg
057kevinlarmee.jpg
058kevinlarmee.jpg
059kevinlarmee.jpg
060kevinlarmee.jpg
061kevinlarmee.jpg
062kevinlarmee.jpg
063kevinlarmee.jpg
064kevinlarmee.jpg
065kevinlarmee.jpg
066kevinlarmee.jpg
067kevinlarmee.jpg
068kevinlarmee.jpg
069kevinlarmee.jpg
070kevinlarmee.jpg
071kevinlarmee.jpg
072kevinlarmee.jpg
073kevinlarmee.jpg
074kevinlarmee.jpg
075kevinlarmee.jpg
076kevinlarmee.jpg
077kevinlarmee.jpg
078kevinlarmee.jpg
079kevinlarmee.jpg
080kevinlarmee.jpg
081kevinlarmee.jpg
082kevinlarmee.jpg
083kevinlarmee.jpg
084kevinlarmee.jpg
085kevinlarmee.jpg
086kevinlarmee.jpg
087kevinlarmee.jpg
088kevinlarmee.jpg
089kevinlarmee.jpg
090kevinlarmee.jpg
Scan.jpeg
d0.jpeg
d100.jpeg
d101.jpeg
d102.jpeg
d103.jpeg
d104.jpeg
d105.jpeg
d106.jpeg
d107.jpeg
d108.jpeg
d109.jpeg
d11.jpeg
d110.jpeg
d111.jpeg
d112.jpeg
d113.jpeg
d114.jpeg
d115.jpeg
d116.jpeg
d117.jpeg
d118.jpeg
d119.jpeg
d120.jpeg
d121.jpeg
d122.jpeg
d123.jpeg
d124.jpeg
d125.jpeg
d126.jpeg
d127.jpeg
d128.jpeg
d129.jpeg
d13.jpeg
d130.jpeg
d131.jpeg
d132.jpeg
d133.jpeg
d134.jpeg
d135.jpeg
d136.jpeg
d137.jpeg
d138.jpeg
d139.jpeg
d140.jpeg
d141.jpeg
d142.jpeg
d143.jpeg
d144.jpeg
d145.jpeg
d146.jpeg
d147.jpeg
d148.jpeg
d149.jpeg
d15.jpeg
d150.jpeg
d151.jpeg
d152.jpeg
d153.jpeg
d154.jpeg
d155.jpeg
d17.jpeg
d18.jpeg
d19.jpeg
d2.jpeg
d20.jpeg
d21.jpeg
d22.jpeg
d23.jpeg
d24.jpeg
d25.jpeg
d26.jpeg
d27.jpeg
d28.jpeg
d29.jpeg
d3.jpeg
d30.jpeg
d31.jpeg
d32.jpeg
d33.jpeg
d34.jpeg
d35.jpeg
d36.jpeg
d37.jpeg
d38.jpeg
d39.jpeg
d40.jpeg
d41.jpeg
d42.jpeg
d43.jpeg
d44.jpeg
d45.jpeg
d46.jpeg
d47.jpeg
d48.jpeg
d49.jpeg
d5.jpeg
d50.jpeg
d51.jpeg
d52.jpeg
d53.jpeg
d54.jpeg
d55.jpeg
d56.jpeg
d57.jpeg
d58.jpeg
d59.jpeg
d60.jpeg
d61.jpeg
d62.jpeg
d63.jpeg
d64.jpeg
d65.jpeg
d66.jpeg
d67.jpeg
d68.jpeg
d69.jpeg
d7.jpeg
d70.jpeg
d71.jpeg
d72.jpeg
d73.jpeg
d74.jpeg
d75.jpeg
d76.jpeg
d77.jpeg
d78.jpeg
d79.jpeg
d80.jpeg
d81.jpeg
d82.jpeg
d83.jpeg
d84.jpeg
d85.jpeg
d86.jpeg
d87.jpeg
d88.jpeg
d89.jpeg
d9.jpeg
d90.jpeg
d91.jpeg
d92.jpeg
d93.jpeg
d94.jpeg
d95.jpeg
d96.jpeg
d97.jpeg
d98.jpeg
d99.jpeg
east-village-magazine.jpg
hiroko0.jpg
hiroko1.jpg
hiroko2.jpg
hiroko3.jpg
hiroko4.jpg
hiroko5.jpg
hiroko6.jpg
kevinlarmee-0.jpg
kevinlarmee-0_1.jpg
kevinlarmee-0_10.jpg
kevinlarmee-0_100.jpg
kevinlarmee-0_101.jpg
kevinlarmee-0_102.jpg
kevinlarmee-0_103.jpg
kevinlarmee-0_104.jpg
kevinlarmee-0_105.jpg
kevinlarmee-0_106.jpg
kevinlarmee-0_107.jpg
kevinlarmee-0_108.jpg
kevinlarmee-0_109.jpg
kevinlarmee-0_11.jpg
kevinlarmee-0_110.jpg
kevinlarmee-0_111.jpg
kevinlarmee-0_112.jpg
kevinlarmee-0_113.jpg
kevinlarmee-0_114.jpg
kevinlarmee-0_115.jpg
kevinlarmee-0_116.jpg
kevinlarmee-0_117.jpg
kevinlarmee-0_118.jpg
kevinlarmee-0_119.jpg
kevinlarmee-0_12.jpg
kevinlarmee-0_120.jpg
kevinlarmee-0_121.jpg
kevinlarmee-0_122.jpg
kevinlarmee-0_123.jpg
kevinlarmee-0_124.jpg
kevinlarmee-0_125.jpg
kevinlarmee-0_126.jpg
kevinlarmee-0_127.jpg
kevinlarmee-0_128.jpg
kevinlarmee-0_129.jpg
kevinlarmee-0_13.jpg
kevinlarmee-0_130.jpg
kevinlarmee-0_131.jpg
kevinlarmee-0_132.jpg
kevinlarmee-0_133.jpg
kevinlarmee-0_134.jpg
kevinlarmee-0_135.jpg
kevinlarmee-0_136.jpg
kevinlarmee-0_137.jpg
kevinlarmee-0_138.jpg
kevinlarmee-0_139.jpg
kevinlarmee-0_14.jpg
kevinlarmee-0_140.jpg
kevinlarmee-0_141.jpg
kevinlarmee-0_142.jpg
kevinlarmee-0_143.jpg
kevinlarmee-0_144.jpg
kevinlarmee-0_145.jpg
kevinlarmee-0_146.jpg
kevinlarmee-0_147.jpg
kevinlarmee-0_148.jpg
kevinlarmee-0_149.jpg
kevinlarmee-0_15.jpg
kevinlarmee-0_150.jpg
kevinlarmee-0_151.jpg
kevinlarmee-0_152.jpg
kevinlarmee-0_153.jpg
kevinlarmee-0_154.jpg
kevinlarmee-0_155.jpg
kevinlarmee-0_156.jpg
kevinlarmee-0_157.jpg
kevinlarmee-0_158.jpg
kevinlarmee-0_16.jpg
kevinlarmee-0_17.jpg
kevinlarmee-0_18.jpg
kevinlarmee-0_19.jpg
kevinlarmee-0_2.jpg
kevinlarmee-0_20.jpg
kevinlarmee-0_22.jpg
kevinlarmee-0_23.jpg
kevinlarmee-0_24.jpg
kevinlarmee-0_25.jpg
kevinlarmee-0_26.jpg
kevinlarmee-0_27.jpg
kevinlarmee-0_28.jpg
kevinlarmee-0_29.jpg
kevinlarmee-0_3.jpg
kevinlarmee-0_30.jpg
kevinlarmee-0_31.jpg
kevinlarmee-0_32.jpg
kevinlarmee-0_33.jpg
kevinlarmee-0_34.jpg
kevinlarmee-0_35.jpg
kevinlarmee-0_36.jpg
kevinlarmee-0_37.jpg
kevinlarmee-0_38.jpg
kevinlarmee-0_39.jpg
kevinlarmee-0_4.jpg
kevinlarmee-0_40.jpg
kevinlarmee-0_41.jpg
kevinlarmee-0_42.jpg
kevinlarmee-0_43.jpg
kevinlarmee-0_44.jpg
kevinlarmee-0_45.jpg
kevinlarmee-0_46.jpg
kevinlarmee-0_47.jpg
kevinlarmee-0_48.jpg
kevinlarmee-0_49.jpg
kevinlarmee-0_5.jpg
kevinlarmee-0_50.jpg
kevinlarmee-0_51.jpg
kevinlarmee-0_52.jpg
kevinlarmee-0_53.jpg
kevinlarmee-0_54.jpg
kevinlarmee-0_55.jpg
kevinlarmee-0_56.jpg
kevinlarmee-0_58.jpg
kevinlarmee-0_59.jpg
kevinlarmee-0_6.jpg
kevinlarmee-0_60.jpg
kevinlarmee-0_61.jpg
kevinlarmee-0_62.jpg
kevinlarmee-0_63.jpg
kevinlarmee-0_64.jpg
kevinlarmee-0_65.jpg
kevinlarmee-0_66.jpg
kevinlarmee-0_67.jpg
kevinlarmee-0_68.jpg
kevinlarmee-0_69.jpg
kevinlarmee-0_7.jpg
kevinlarmee-0_70.jpg
kevinlarmee-0_71.jpg
kevinlarmee-0_72.jpg
kevinlarmee-0_73.jpg
kevinlarmee-0_74.jpg
kevinlarmee-0_75.jpg
kevinlarmee-0_76.jpg
kevinlarmee-0_77.jpg
kevinlarmee-0_78.jpg
kevinlarmee-0_79.jpg
kevinlarmee-0_8.jpg
kevinlarmee-0_80.jpg
kevinlarmee-0_81.jpg
kevinlarmee-0_82.jpg
kevinlarmee-0_83.jpg
kevinlarmee-0_84.jpg
kevinlarmee-0_85.jpg
kevinlarmee-0_86.jpg
kevinlarmee-0_87.jpg
kevinlarmee-0_88.jpg
kevinlarmee-0_89.jpg
kevinlarmee-0_9.jpg
kevinlarmee-0_90.jpg
kevinlarmee-0_91.jpg
kevinlarmee-0_92.jpg
kevinlarmee-0_93.jpg
kevinlarmee-0_94.jpg
kevinlarmee-0_95.jpg
kevinlarmee-0_96.jpg
kevinlarmee-0_97.jpg
kevinlarmee-0_98.jpg
kevinlarmee-0_99.jpg
kevinlarmee-Scan.jpg
kevinlarmee-Scan_1.jpg
kevinlarmee-Scan_10.jpg
kevinlarmee-Scan_10a.jpg
kevinlarmee-Scan_11.jpg
kevinlarmee-Scan_11a.jpg
kevinlarmee-Scan_12.jpg
kevinlarmee-Scan_12a.jpg
kevinlarmee-Scan_13.jpg
kevinlarmee-Scan_13a.jpg
kevinlarmee-Scan_14.jpg
kevinlarmee-Scan_14a.jpg
kevinlarmee-Scan_15.jpg
kevinlarmee-Scan_16.jpg
kevinlarmee-Scan_17.jpg
kevinlarmee-Scan_18.jpg
kevinlarmee-Scan_19.jpg
kevinlarmee-Scan_1a.jpg
kevinlarmee-Scan_2.jpg
kevinlarmee-Scan_20.jpg
kevinlarmee-Scan_21.jpg
kevinlarmee-Scan_22.jpg
kevinlarmee-Scan_23.jpg
kevinlarmee-Scan_24.jpg
kevinlarmee-Scan_25.jpg
kevinlarmee-Scan_26.jpg
kevinlarmee-Scan_27.jpg
kevinlarmee-Scan_28.jpg
kevinlarmee-Scan_29.jpg
kevinlarmee-Scan_2a.jpg
kevinlarmee-Scan_3.jpg
kevinlarmee-Scan_30.jpg
kevinlarmee-Scan_31.jpg
kevinlarmee-Scan_32.jpg
kevinlarmee-Scan_33.jpg
kevinlarmee-Scan_34.jpg
kevinlarmee-Scan_35.jpg
kevinlarmee-Scan_36.jpg
kevinlarmee-Scan_37.jpg
kevinlarmee-Scan_37a.jpg
kevinlarmee-Scan_39.jpg
kevinlarmee-Scan_3a.jpg
kevinlarmee-Scan_4.jpg
kevinlarmee-Scan_42.jpg
kevinlarmee-Scan_43.jpg
kevinlarmee-Scan_44.jpg
kevinlarmee-Scan_44a.jpg
kevinlarmee-Scan_46.jpg
kevinlarmee-Scan_47.jpg
kevinlarmee-Scan_48a.jpg
kevinlarmee-Scan_49.jpg
kevinlarmee-Scan_49a.jpg
kevinlarmee-Scan_4a.jpg
kevinlarmee-Scan_5.jpg
kevinlarmee-Scan_51.jpg
kevinlarmee-Scan_52.jpg
kevinlarmee-Scan_53.jpg
kevinlarmee-Scan_54.jpg
kevinlarmee-Scan_55.jpg
kevinlarmee-Scan_56.jpg
kevinlarmee-Scan_57.jpg
kevinlarmee-Scan_58.jpg
kevinlarmee-Scan_59.jpg
kevinlarmee-Scan_6.jpg
kevinlarmee-Scan_60.jpg
kevinlarmee-Scan_61.jpg
kevinlarmee-Scan_7.jpg
kevinlarmee-Scan_8.jpg
kevinlarmee-Scan_9.jpg
kevinlarmee-Scana.jpg
kevinlarmee-aScan.jpg
kevinlarmee-aScan_1.jpg
kevinlarmee-aScan_11.jpg
kevinlarmee-aScan_12.jpg
kevinlarmee-aScan_13.jpg
kevinlarmee-aScan_14.jpg
kevinlarmee-aScan_15.jpg
kevinlarmee-aScan_16.jpg
kevinlarmee-aScan_17.jpg
kevinlarmee-aScan_18.jpg
kevinlarmee-aScan_19.jpg
kevinlarmee-aScan_2.jpg
kevinlarmee-aScan_20.jpg
kevinlarmee-aScan_21.jpg
kevinlarmee-aScan_22.jpg
kevinlarmee-aScan_23.jpg
kevinlarmee-aScan_24.jpg
kevinlarmee-aScan_25.jpg
kevinlarmee-aScan_26.jpg
kevinlarmee-aScan_27.jpg
kevinlarmee-aScan_28.jpg
kevinlarmee-aScan_29.jpg
kevinlarmee-aScan_3.jpg
kevinlarmee-aScan_30.jpg
kevinlarmee-aScan_31.jpg
kevinlarmee-aScan_32.jpg
kevinlarmee-aScan_33.jpg
kevinlarmee-aScan_34.jpg
kevinlarmee-aScan_35.jpg
kevinlarmee-aScan_36.jpg
kevinlarmee-aScan_37.jpg
kevinlarmee-aScan_38.jpg
kevinlarmee-aScan_39.jpg
kevinlarmee-aScan_4.jpg
kevinlarmee-aScan_40.jpg
kevinlarmee-aScan_41.jpg
kevinlarmee-aScan_42.jpg
kevinlarmee-aScan_43.jpg
kevinlarmee-aScan_44.jpg
kevinlarmee-aScan_45.jpg
kevinlarmee-aScan_46.jpg
kevinlarmee-aScan_47.jpg
kevinlarmee-aScan_48.jpg
kevinlarmee-aScan_49.jpg
kevinlarmee-aScan_50.jpg
kevinlarmee-aScan_51.jpg
kevinlarmee-aScan_53.jpg
kevinlarmee-aScan_54.jpg
kevinlarmee-aScan_55.jpg
kevinlarmee-aScan_56.jpg
kevinlarmee-aScan_57.jpg
kevinlarmee-aScan_60.jpg
kevinlarmee-aScan_61.jpg
kevinlarmee-beach-left.jpg
kevinlarmee-beach-right.jpg
kevinlarmee-hawaii-10.jpg
kevinlarmee-hawaii-2007-35.jpg
kevinlarmee-hawaii-2007-36.jpg
kevinlarmee-hawaii-2007-37.jpg
kevinlarmee-hawaii-2007-38.jpg
kevinlarmee-hawaii-2007-39.jpg
kevinlarmee-hawaii-2007-40.jpg
kevinlarmee-hawaii-2007-41.jpg
kevinlarmee-hawaii-2007-42.jpg
kevinlarmee-hawaii-2007-43.jpg
kevinlarmee-hawaii-2007-44.jpg
kevinlarmee-hawaii-2007-45.jpg
kevinlarmee-hawaii-2007-46.jpg
kevinlarmee-hawaii-2007-47.jpg
kevinlarmee-hawaii-2007-48.jpg
kevinlarmee-hawaii-2007-49.jpg
kevinlarmee-hawaii-2007-50.jpg
kevinlarmee-hawaii-2007-51.jpg
kevinlarmee-hawaii-2008-44.jpg
kevinlarmee-hawaii-2008-45.jpg
kevinlarmee-hawaii-2008-46.jpg
kevinlarmee-hawaii-2008-47.jpg
kevinlarmee-hawaii-2008-48.jpg
kevinlarmee-hawaii-2008-49.jpg
kevinlarmee-hawaii-2008-50.jpg
kevinlarmee-hawaii-2008-51.jpg
kevinlarmee-hawaii-2008-52.jpg
kevinlarmee-hawaii-2008-53.jpg
kevinlarmee-hawaii-2008-54.jpg
kevinlarmee-hawaii-2008-55.jpg
kevinlarmee-hawaii-2008-56.jpg
kevinlarmee-hawaii-2008-57.jpg
kevinlarmee-hawaii-2008-58.jpg
kevinlarmee-hawaii-2008-59.jpg
kevinlarmee-hawaii-40.jpg
kevinlarmee-hawaii-41.jpg
kevinlarmee-hawaii-42.jpg
kevinlarmee-hawaii-43.jpg
kevinlarmee-hawaii-44.jpg
kevinlarmee-hawaii-45.jpg
kevinlarmee-hawaii-46.jpg
kevinlarmee-hawaii-47.jpg
kevinlarmee-hawaii-5.jpg
kevinlarmee-hawaii-5a.jpg
kevinlarmee-hawaii-6.jpg
kevinlarmee-hawaii-6a.jpg
kevinlarmee-hawaii-7.jpg
kevinlarmee-hawaii-7a.jpg
kevinlarmee-hawaii-8.jpg
kevinlarmee-hawaii-8a.jpg
kevinlarmee-hawaii-9.jpg
kevinlarmee-hawaii-9a.jpg
kevinlarmee-madonna-and-child-at-beach-2016.jpg
kevinlarmee-opera.jpg
new-york-times.jpg
stations.jpg