stations.jpg
east-village-magazine.jpg
hiroko0.jpg
hiroko1.jpg
hiroko2.jpg
hiroko3.jpg
hiroko4.jpg
hiroko5.jpg
hiroko6.jpg
new-york-times.jpgScan.jpeg
curl
d0.jpeg
d100.jpeg
d101.jpeg
d102.jpeg
d103.jpeg
d104.jpeg
d105.jpeg
d106.jpeg
d107.jpeg
d108.jpeg
d109.jpeg
d11.jpeg
d110.jpeg
d111.jpeg
d112.jpeg
d113.jpeg
d114.jpeg
d115.jpeg
d116.jpeg
d117.jpeg
d118.jpeg
d119.jpeg
d120.jpeg
d121.jpeg
d122.jpeg
d123.jpeg
d124.jpeg
d125.jpeg
d126.jpeg
d127.jpeg
d128.jpeg
d129.jpeg
d13.jpeg
d130.jpeg
d131.jpeg
d132.jpeg
d133.jpeg
d134.jpeg
d135.jpeg
d136.jpeg
d137.jpeg
d138.jpeg
d139.jpeg
d140.jpeg
d141.jpeg
d142.jpeg
d143.jpeg
d144.jpeg
d145.jpeg
d146.jpeg
d147.jpeg
d148.jpeg
d149.jpeg
d15.jpeg
d150.jpeg
d151.jpeg
d152.jpeg
d153.jpeg
d154.jpeg
d155.jpeg
d17.jpeg
d18.jpeg
d19.jpeg
d2.jpeg
d20.jpeg
d21.jpeg
d22.jpeg
d23.jpeg
d24.jpeg
d25.jpeg
d26.jpeg
d27.jpeg
d28.jpeg
d29.jpeg
d3.jpeg
d30.jpeg
d31.jpeg
d32.jpeg
d33.jpeg
d34.jpeg
d35.jpeg
d36.jpeg
d37.jpeg
d38.jpeg
d39.jpeg
d40.jpeg
d41.jpeg
d42.jpeg
d43.jpeg
d44.jpeg
d45.jpeg
d46.jpeg
d47.jpeg
d48.jpeg
d49.jpeg
d5.jpeg
d50.jpeg
d51.jpeg
d52.jpeg
d53.jpeg
d54.jpeg
d55.jpeg
d56.jpeg
d57.jpeg
d58.jpeg
d59.jpeg
d60.jpeg
d61.jpeg
d62.jpeg
d63.jpeg
d64.jpeg
d65.jpeg
d66.jpeg
d67.jpeg
d68.jpeg
d69.jpeg
d7.jpeg
d70.jpeg
d71.jpeg
d72.jpeg
d73.jpeg
d74.jpeg
d75.jpeg
d76.jpeg
d77.jpeg
d78.jpeg
d79.jpeg
d80.jpeg
d81.jpeg
d82.jpeg
d83.jpeg
d84.jpeg
d85.jpeg
d86.jpeg
d87.jpeg
d88.jpeg
d89.jpeg
d9.jpeg
d90.jpeg
d91.jpeg
d92.jpeg
d93.jpeg
d94.jpeg
d95.jpeg
d96.jpeg
d97.jpeg
d98.jpeg
d99.jpeg
lsOutput.log
script
temp
Scan.jpeg
curl
d0.jpeg
d100.jpeg
d101.jpeg
d102.jpeg
d103.jpeg
d104.jpeg
d105.jpeg
d106.jpeg
d107.jpeg
d108.jpeg
d109.jpeg
d11.jpeg
d110.jpeg
d111.jpeg
d112.jpeg
d113.jpeg
d114.jpeg
d115.jpeg
d116.jpeg
d117.jpeg
d118.jpeg
d119.jpeg
d120.jpeg
d121.jpeg
d122.jpeg
d123.jpeg
d124.jpeg
d125.jpeg
d126.jpeg
d127.jpeg
d128.jpeg
d129.jpeg
d13.jpeg
d130.jpeg
d131.jpeg
d132.jpeg
d133.jpeg
d134.jpeg
d135.jpeg
d136.jpeg
d137.jpeg
d138.jpeg
d139.jpeg
d140.jpeg
d141.jpeg
d142.jpeg
d143.jpeg
d144.jpeg
d145.jpeg
d146.jpeg
d147.jpeg
d148.jpeg
d149.jpeg
d15.jpeg
d150.jpeg
d151.jpeg
d152.jpeg
d153.jpeg
d154.jpeg
d155.jpeg
d17.jpeg
d18.jpeg
d19.jpeg
d2.jpeg
d20.jpeg
d21.jpeg
d22.jpeg
d23.jpeg
d24.jpeg
d25.jpeg
d26.jpeg
d27.jpeg
d28.jpeg
d29.jpeg
d3.jpeg
d30.jpeg
d31.jpeg
d32.jpeg
d33.jpeg
d34.jpeg
d35.jpeg
d36.jpeg
d37.jpeg
d38.jpeg
d39.jpeg
d40.jpeg
d41.jpeg
d42.jpeg
d43.jpeg
d44.jpeg
d45.jpeg
d46.jpeg
d47.jpeg
d48.jpeg
d49.jpeg
d5.jpeg
d50.jpeg
d51.jpeg
d52.jpeg
d53.jpeg
d54.jpeg
d55.jpeg
d56.jpeg
d57.jpeg
d58.jpeg
d59.jpeg
d60.jpeg
d61.jpeg
d62.jpeg
d63.jpeg
d64.jpeg
d65.jpeg
d66.jpeg
d67.jpeg
d68.jpeg
d69.jpeg
d7.jpeg
d70.jpeg
d71.jpeg
d72.jpeg
d73.jpeg
d74.jpeg
d75.jpeg
d76.jpeg
d77.jpeg
d78.jpeg
d79.jpeg
d80.jpeg
d81.jpeg
d82.jpeg
d83.jpeg
d84.jpeg
d85.jpeg
d86.jpeg
d87.jpeg
d88.jpeg
d89.jpeg
d9.jpeg
d90.jpeg
d91.jpeg
d92.jpeg
d93.jpeg
d94.jpeg
d95.jpeg
d96.jpeg
d97.jpeg
d98.jpeg
d99.jpeg
lsOutput.log
script
temp
